2021-12-20 14:39:35,290 INFO  [org.jboss.web.WebService] (main) Using RMI server codebase: http://localhost:8083/
2021-12-20 14:39:37,997 INFO  [org.jboss.wsf.stack.jbws.NativeServerConfig] (main) JBoss Web Services - Stack Native Core
2021-12-20 14:39:37,997 INFO  [org.jboss.wsf.stack.jbws.NativeServerConfig] (main) 3.1.2.GA
2021-12-20 14:39:38,228 INFO  [org.jboss.dependency.plugins.AttributeCallbackItem] (main) Owner callback not implemented.
2021-12-20 14:39:38,767 INFO  [org.jboss.logbridge.LogNotificationListener] (main) Adding notification listener for logging mbean "jboss.system:service=Logging,type=Log4jService" to server org.jboss.mx.server.MBeanServerImpl@476d479c[ defaultDomain='jboss' ]
2021-12-20 14:39:44,020 INFO  [org.jboss.ejb3.deployers.Ejb3DependenciesDeployer] (main) Encountered deployment AbstractVFSDeploymentContext@218071744{vfsfile:/home/juan/jboss-5.1.0.GA/server/all/deploy/profileservice-secured.jar/}
2021-12-20 14:39:44,021 INFO  [org.jboss.ejb3.deployers.Ejb3DependenciesDeployer] (main) Encountered deployment AbstractVFSDeploymentContext@218071744{vfsfile:/home/juan/jboss-5.1.0.GA/server/all/deploy/profileservice-secured.jar/}
2021-12-20 14:39:44,021 INFO  [org.jboss.ejb3.deployers.Ejb3DependenciesDeployer] (main) Encountered deployment AbstractVFSDeploymentContext@218071744{vfsfile:/home/juan/jboss-5.1.0.GA/server/all/deploy/profileservice-secured.jar/}
2021-12-20 14:39:44,021 INFO  [org.jboss.ejb3.deployers.Ejb3DependenciesDeployer] (main) Encountered deployment AbstractVFSDeploymentContext@218071744{vfsfile:/home/juan/jboss-5.1.0.GA/server/all/deploy/profileservice-secured.jar/}
2021-12-20 14:39:44,798 INFO  [org.jboss.iiop.CorbaNamingService] (main) CORBA Naming Started
2021-12-20 14:39:46,127 INFO  [org.jboss.mx.remoting.service.JMXConnectorServerService] (main) JMX Connector server: service:jmx:rmi://localhost/jndi/rmi://localhost:1090/jmxconnector
2021-12-20 14:39:46,246 INFO  [org.jboss.mail.MailService] (main) Mail Service bound to java:/Mail
2021-12-20 14:39:46,597 INFO  [org.jboss.jmx.adaptor.snmp.agent.SnmpAgentService] (main) SNMP agent going active
2021-12-20 14:39:47,692 INFO  [org.jboss.ha.framework.interfaces.HAPartition.DefaultPartition] (main) Initializing partition DefaultPartition
2021-12-20 14:39:47,723 INFO  [STDOUT] (JBoss System Threads(1)-3) 
---------------------------------------------------------
GMS: address is 127.0.0.1:42518 (cluster=DefaultPartition)
---------------------------------------------------------
2021-12-20 14:39:47,835 INFO  [org.jboss.cache.jmx.PlatformMBeanServerRegistration] (main) JBossCache MBeans were successfully registered to the platform mbean server.
2021-12-20 14:39:47,858 INFO  [STDOUT] (main) 
---------------------------------------------------------
GMS: address is 127.0.0.1:42518 (cluster=DefaultPartition-HAPartitionCache)
---------------------------------------------------------
2021-12-20 14:39:49,764 INFO  [org.jboss.ha.framework.interfaces.HAPartition.DefaultPartition] (JBoss System Threads(1)-3) Number of cluster members: 1
2021-12-20 14:39:49,764 INFO  [org.jboss.ha.framework.interfaces.HAPartition.DefaultPartition] (JBoss System Threads(1)-3) Other members: 0
2021-12-20 14:39:49,873 INFO  [org.jboss.cache.RPCManagerImpl] (main) Received new cluster view: [127.0.0.1:42518|0] [127.0.0.1:42518]
2021-12-20 14:39:49,876 INFO  [org.jboss.cache.RPCManagerImpl] (main) Cache local address is 127.0.0.1:42518
2021-12-20 14:39:49,879 INFO  [org.jboss.cache.RPCManagerImpl] (main) state was retrieved successfully (in 2.02 seconds)
2021-12-20 14:39:49,888 INFO  [org.jboss.cache.factories.ComponentRegistry] (main) JBoss Cache version: JBossCache 'Cascabel' 3.1.0.GA
2021-12-20 14:39:49,888 INFO  [org.jboss.ha.framework.interfaces.HAPartition.DefaultPartition] (main) Fetching serviceState (will wait for 30000 milliseconds):
2021-12-20 14:39:49,889 INFO  [org.jboss.ha.framework.interfaces.HAPartition.DefaultPartition] (main) State could not be retrieved (we are the first member in group)
2021-12-20 14:39:49,926 INFO  [org.jboss.ha.jndi.HANamingService] (main) Started HAJNDI bootstrap; jnpPort=1100, backlog=50, bindAddress=localhost/127.0.0.1
2021-12-20 14:39:49,929 INFO  [org.jboss.ha.jndi.DetachedHANamingService$AutomaticDiscovery] (main) Listening on /127.0.0.1:1102, group=230.0.0.4, HA-JNDI address=127.0.0.1:1100
2021-12-20 14:39:50,390 INFO  [org.jboss.invocation.unified.server.UnifiedInvokerHA] (main) Service name is jboss:service=invoker,type=unifiedha
2021-12-20 14:39:50,951 WARN  [org.jboss.jms.server.jbosssx.JBossASSecurityMetadataStore] (main) WARNING! POTENTIAL SECURITY RISK. It has been detected that the MessageSucker component which sucks messages from one node to another has not had its password changed from the installation default. Please see the JBoss Messaging user guide for instructions on how to do this.
2021-12-20 14:39:50,963 WARN  [org.jboss.annotation.factory.AnnotationCreator] (main) No ClassLoader provided, using TCCL: org.jboss.managed.api.annotation.ManagementComponent
2021-12-20 14:39:51,067 WARN  [org.jboss.annotation.factory.AnnotationCreator] (main) No ClassLoader provided, using TCCL: org.jboss.managed.api.annotation.ManagementComponent
2021-12-20 14:39:51,102 INFO  [com.arjuna.ats.jbossatx.jta.TransactionManagerService] (main) JBossTS Transaction Service (JTA version - tag:JBOSSTS_4_6_1_GA) - JBoss Inc.
2021-12-20 14:39:51,102 INFO  [com.arjuna.ats.jbossatx.jta.TransactionManagerService] (main) Setting up property manager MBean and JMX layer
2021-12-20 14:39:51,230 INFO  [com.arjuna.ats.jbossatx.jta.TransactionManagerService] (main) Initializing recovery manager
2021-12-20 14:39:51,311 INFO  [com.arjuna.ats.jbossatx.jta.TransactionManagerService] (main) Recovery manager configured
2021-12-20 14:39:51,311 INFO  [com.arjuna.ats.jbossatx.jta.TransactionManagerService] (main) Binding TransactionManager JNDI Reference
2021-12-20 14:39:51,335 INFO  [com.arjuna.ats.jbossatx.jta.TransactionManagerService] (main) Starting transaction recovery manager
2021-12-20 14:39:51,602 INFO  [org.apache.catalina.core.AprLifecycleListener] (main) The Apache Tomcat Native library which allows optimal performance in production environments was not found on the java.library.path: /usr/java/packages/lib/amd64:/usr/lib/x86_64-linux-gnu/jni:/lib/x86_64-linux-gnu:/usr/lib/x86_64-linux-gnu:/usr/lib/jni:/lib:/usr/lib
2021-12-20 14:39:51,639 INFO  [org.apache.coyote.http11.Http11Protocol] (main) Initializing Coyote HTTP/1.1 on http-localhost%2F127.0.0.1-8080
2021-12-20 14:39:51,639 INFO  [org.apache.coyote.ajp.AjpProtocol] (main) Initializing Coyote AJP/1.3 on ajp-localhost%2F127.0.0.1-8009
2021-12-20 14:39:51,652 INFO  [org.apache.catalina.core.StandardService] (main) Starting service jboss.web
2021-12-20 14:39:51,653 INFO  [org.apache.catalina.core.StandardEngine] (main) Starting Servlet Engine: JBoss Web/2.1.3.GA
2021-12-20 14:39:51,690 INFO  [org.apache.catalina.startup.Catalina] (main) Server startup in 50 ms
2021-12-20 14:39:51,703 INFO  [org.jboss.web.tomcat.service.deployers.TomcatDeployment] (main) deploy, ctxPath=/jbossws
2021-12-20 14:39:52,009 INFO  [org.jboss.web.tomcat.service.deployers.TomcatDeployment] (main) deploy, ctxPath=/web-console
2021-12-20 14:39:52,957 INFO  [org.jboss.web.tomcat.service.deployers.TomcatDeployment] (main) deploy, ctxPath=/invoker
2021-12-20 14:39:52,990 INFO  [org.jboss.web.tomcat.service.deployers.TomcatDeployment] (main) deploy, ctxPath=/juddi
2021-12-20 14:39:53,011 INFO  [org.apache.juddi.registry.RegistryServlet] (main) Loading jUDDI configuration.
2021-12-20 14:39:53,012 INFO  [org.apache.juddi.registry.RegistryServlet] (main) Resources loaded from: /WEB-INF/juddi.properties
2021-12-20 14:39:53,012 INFO  [org.apache.juddi.registry.RegistryServlet] (main) Initializing jUDDI components.
2021-12-20 14:39:53,128 INFO  [org.jboss.resource.deployers.RARDeployment] (main) Required license terms exist, view vfszip:/home/juan/jboss-5.1.0.GA/server/all/deploy/jboss-local-jdbc.rar/META-INF/ra.xml
2021-12-20 14:39:53,136 INFO  [org.jboss.resource.deployers.RARDeployment] (main) Required license terms exist, view vfszip:/home/juan/jboss-5.1.0.GA/server/all/deploy/jboss-xa-jdbc.rar/META-INF/ra.xml
2021-12-20 14:39:53,145 INFO  [org.jboss.resource.deployers.RARDeployment] (main) Required license terms exist, view vfszip:/home/juan/jboss-5.1.0.GA/server/all/deploy/jms-ra.rar/META-INF/ra.xml
2021-12-20 14:39:53,153 INFO  [org.jboss.resource.deployers.RARDeployment] (main) Required license terms exist, view vfszip:/home/juan/jboss-5.1.0.GA/server/all/deploy/mail-ra.rar/META-INF/ra.xml
2021-12-20 14:39:53,165 INFO  [org.jboss.resource.deployers.RARDeployment] (main) Required license terms exist, view vfszip:/home/juan/jboss-5.1.0.GA/server/all/deploy/quartz-ra.rar/META-INF/ra.xml
2021-12-20 14:39:53,216 INFO  [org.quartz.simpl.SimpleThreadPool] (main) Job execution threads will use class loader of thread: main
2021-12-20 14:39:53,237 INFO  [org.quartz.core.QuartzScheduler] (main) Quartz Scheduler v.1.5.2 created.
2021-12-20 14:39:53,239 INFO  [org.quartz.simpl.RAMJobStore] (main) RAMJobStore initialized.
2021-12-20 14:39:53,239 INFO  [org.quartz.impl.StdSchedulerFactory] (main) Quartz scheduler 'DefaultQuartzScheduler' initialized from default resource file in Quartz package: 'quartz.properties'
2021-12-20 14:39:53,240 INFO  [org.quartz.impl.StdSchedulerFactory] (main) Quartz scheduler version: 1.5.2
2021-12-20 14:39:53,240 INFO  [org.quartz.core.QuartzScheduler] (main) Scheduler DefaultQuartzScheduler_$_NON_CLUSTERED started.
2021-12-20 14:39:53,511 INFO  [org.jboss.resource.connectionmanager.ConnectionFactoryBindingService] (main) Bound ConnectionManager 'jboss.jca:service=DataSourceBinding,name=DefaultDS' to JNDI name 'java:DefaultDS'
2021-12-20 14:39:53,836 INFO  [org.jboss.jms.server.ServerPeer] (main) JBoss Messaging 1.4.3.GA server [0] started
2021-12-20 14:39:53,925 INFO  [STDOUT] (main) 
---------------------------------------------------------
GMS: address is 127.0.0.1:42518 (cluster=MessagingPostOffice-CTRL)
---------------------------------------------------------
2021-12-20 14:39:55,931 INFO  [org.jboss.messaging.core.impl.postoffice.GroupMember] (main) org.jboss.messaging.core.impl.postoffice.GroupMember$ControlMembershipListener@44b9bac6 got new view [127.0.0.1:42518|0] [127.0.0.1:42518], old view is null
2021-12-20 14:39:55,931 INFO  [org.jboss.messaging.core.impl.postoffice.GroupMember] (main) I am (127.0.0.1:42518)
2021-12-20 14:39:55,931 INFO  [org.jboss.messaging.core.impl.postoffice.GroupMember] (main) New Members : 1 ([127.0.0.1:42518])
2021-12-20 14:39:55,931 INFO  [org.jboss.messaging.core.impl.postoffice.GroupMember] (main) All Members : 1 ([127.0.0.1:42518])
2021-12-20 14:39:55,940 INFO  [STDOUT] (main) 
---------------------------------------------------------
GMS: address is 127.0.0.1:7900 (cluster=MessagingPostOffice-DATA)
---------------------------------------------------------
2021-12-20 14:40:00,991 INFO  [org.jboss.jms.server.destination.QueueService] (main) Queue[/queue/ExpiryQueue] started, fullSize=200000, pageSize=2000, downCacheSize=2000
2021-12-20 14:40:01,058 INFO  [org.jboss.jms.server.connectionfactory.ConnectionFactory] (main) Connector bisocket://localhost:4457 has leasing enabled, lease period 10000 milliseconds
2021-12-20 14:40:01,058 INFO  [org.jboss.jms.server.connectionfactory.ConnectionFactory] (main) org.jboss.jms.server.connectionfactory.ConnectionFactory@565e5c69 started
2021-12-20 14:40:01,064 INFO  [org.jboss.jms.server.connectionfactory.ConnectionFactory] (main) Connector bisocket://localhost:4457 has leasing enabled, lease period 10000 milliseconds
2021-12-20 14:40:01,064 INFO  [org.jboss.jms.server.connectionfactory.ConnectionFactory] (main) org.jboss.jms.server.connectionfactory.ConnectionFactory@685fb18f started
2021-12-20 14:40:01,360 WARN  [org.jboss.jms.server.jbosssx.JBossASSecurityMetadataStore] (main) WARNING! POTENTIAL SECURITY RISK. It has been detected that the MessageSucker component which sucks messages from one node to another has not had its password changed from the installation default. Please see the JBoss Messaging user guide for instructions on how to do this.
2021-12-20 14:40:01,670 INFO  [org.jboss.jms.server.connectionfactory.ConnectionFactory] (main) Connector bisocket://localhost:4457 has leasing enabled, lease period 10000 milliseconds
2021-12-20 14:40:01,670 INFO  [org.jboss.jms.server.connectionfactory.ConnectionFactory] (main) org.jboss.jms.server.connectionfactory.ConnectionFactory@4a6e88e9 started
2021-12-20 14:40:01,672 INFO  [org.jboss.jms.server.destination.QueueService] (main) Queue[/queue/DLQ] started, fullSize=200000, pageSize=2000, downCacheSize=2000
2021-12-20 14:40:01,750 INFO  [org.jboss.resource.connectionmanager.ConnectionFactoryBindingService] (main) Bound ConnectionManager 'jboss.jca:service=ConnectionFactoryBinding,name=JmsXA' to JNDI name 'java:JmsXA'
2021-12-20 14:40:02,024 INFO  [org.jboss.ejb3.deployers.JBossASKernel] (main) Created KernelDeployment for: profileservice-secured.jar
2021-12-20 14:40:02,028 INFO  [org.jboss.ejb3.deployers.JBossASKernel] (main) installing bean: jboss.j2ee:jar=profileservice-secured.jar,name=SecureProfileService,service=EJB3
2021-12-20 14:40:02,028 INFO  [org.jboss.ejb3.deployers.JBossASKernel] (main)   with dependencies:
2021-12-20 14:40:02,028 INFO  [org.jboss.ejb3.deployers.JBossASKernel] (main)   and demands:
2021-12-20 14:40:02,028 INFO  [org.jboss.ejb3.deployers.JBossASKernel] (main) 	jboss.ejb:service=EJBTimerService
2021-12-20 14:40:02,028 INFO  [org.jboss.ejb3.deployers.JBossASKernel] (main) 	jndi:SecureManagementView/remote-org.jboss.deployers.spi.management.ManagementView
2021-12-20 14:40:02,028 INFO  [org.jboss.ejb3.deployers.JBossASKernel] (main)   and supplies:
2021-12-20 14:40:02,029 INFO  [org.jboss.ejb3.deployers.JBossASKernel] (main) 	jndi:SecureProfileService/remote
2021-12-20 14:40:02,029 INFO  [org.jboss.ejb3.deployers.JBossASKernel] (main) 	jndi:SecureProfileService/remote-org.jboss.profileservice.spi.ProfileService
2021-12-20 14:40:02,029 INFO  [org.jboss.ejb3.deployers.JBossASKernel] (main) 	Class:org.jboss.profileservice.spi.ProfileService
2021-12-20 14:40:02,029 INFO  [org.jboss.ejb3.deployers.JBossASKernel] (main) Added bean(jboss.j2ee:jar=profileservice-secured.jar,name=SecureProfileService,service=EJB3) to KernelDeployment of: profileservice-secured.jar
2021-12-20 14:40:02,029 INFO  [org.jboss.ejb3.deployers.JBossASKernel] (main) installing bean: jboss.j2ee:jar=profileservice-secured.jar,name=SecureDeploymentManager,service=EJB3
2021-12-20 14:40:02,029 INFO  [org.jboss.ejb3.deployers.JBossASKernel] (main)   with dependencies:
2021-12-20 14:40:02,029 INFO  [org.jboss.ejb3.deployers.JBossASKernel] (main)   and demands:
2021-12-20 14:40:02,029 INFO  [org.jboss.ejb3.deployers.JBossASKernel] (main) 	jboss.ejb:service=EJBTimerService
2021-12-20 14:40:02,029 INFO  [org.jboss.ejb3.deployers.JBossASKernel] (main)   and supplies:
2021-12-20 14:40:02,029 INFO  [org.jboss.ejb3.deployers.JBossASKernel] (main) 	jndi:SecureDeploymentManager/remote-org.jboss.deployers.spi.management.deploy.DeploymentManager
2021-12-20 14:40:02,029 INFO  [org.jboss.ejb3.deployers.JBossASKernel] (main) 	Class:org.jboss.deployers.spi.management.deploy.DeploymentManager
2021-12-20 14:40:02,029 INFO  [org.jboss.ejb3.deployers.JBossASKernel] (main) 	jndi:SecureDeploymentManager/remote
2021-12-20 14:40:02,029 INFO  [org.jboss.ejb3.deployers.JBossASKernel] (main) Added bean(jboss.j2ee:jar=profileservice-secured.jar,name=SecureDeploymentManager,service=EJB3) to KernelDeployment of: profileservice-secured.jar
2021-12-20 14:40:02,030 INFO  [org.jboss.ejb3.deployers.JBossASKernel] (main) installing bean: jboss.j2ee:jar=profileservice-secured.jar,name=SecureManagementView,service=EJB3
2021-12-20 14:40:02,030 INFO  [org.jboss.ejb3.deployers.JBossASKernel] (main)   with dependencies:
2021-12-20 14:40:02,030 INFO  [org.jboss.ejb3.deployers.JBossASKernel] (main)   and demands:
2021-12-20 14:40:02,030 INFO  [org.jboss.ejb3.deployers.JBossASKernel] (main) 	jboss.ejb:service=EJBTimerService
2021-12-20 14:40:02,030 INFO  [org.jboss.ejb3.deployers.JBossASKernel] (main)   and supplies:
2021-12-20 14:40:02,030 INFO  [org.jboss.ejb3.deployers.JBossASKernel] (main) 	jndi:SecureManagementView/remote
2021-12-20 14:40:02,030 INFO  [org.jboss.ejb3.deployers.JBossASKernel] (main) 	Class:org.jboss.deployers.spi.management.ManagementView
2021-12-20 14:40:02,030 INFO  [org.jboss.ejb3.deployers.JBossASKernel] (main) 	jndi:SecureManagementView/remote-org.jboss.deployers.spi.management.ManagementView
2021-12-20 14:40:02,030 INFO  [org.jboss.ejb3.deployers.JBossASKernel] (main) Added bean(jboss.j2ee:jar=profileservice-secured.jar,name=SecureManagementView,service=EJB3) to KernelDeployment of: profileservice-secured.jar
2021-12-20 14:40:02,035 INFO  [org.jboss.ejb3.endpoint.deployers.EJB3EndpointDeployer] (main) Deploy AbstractBeanMetaData@28695daf{name=jboss.j2ee:jar=profileservice-secured.jar,name=SecureProfileService,service=EJB3_endpoint bean=org.jboss.ejb3.endpoint.deployers.impl.EndpointImpl properties=[container] constructor=null autowireCandidate=true}
2021-12-20 14:40:02,036 INFO  [org.jboss.ejb3.endpoint.deployers.EJB3EndpointDeployer] (main) Deploy AbstractBeanMetaData@1000f75a{name=jboss.j2ee:jar=profileservice-secured.jar,name=SecureDeploymentManager,service=EJB3_endpoint bean=org.jboss.ejb3.endpoint.deployers.impl.EndpointImpl properties=[container] constructor=null autowireCandidate=true}
2021-12-20 14:40:02,036 INFO  [org.jboss.ejb3.endpoint.deployers.EJB3EndpointDeployer] (main) Deploy AbstractBeanMetaData@ba82186{name=jboss.j2ee:jar=profileservice-secured.jar,name=SecureManagementView,service=EJB3_endpoint bean=org.jboss.ejb3.endpoint.deployers.impl.EndpointImpl properties=[container] constructor=null autowireCandidate=true}
2021-12-20 14:40:02,104 INFO  [org.jboss.ejb3.session.SessionSpecContainer] (main) Starting jboss.j2ee:jar=profileservice-secured.jar,name=SecureDeploymentManager,service=EJB3
2021-12-20 14:40:02,111 INFO  [org.jboss.ejb3.EJBContainer] (main) STARTED EJB: org.jboss.profileservice.ejb.SecureDeploymentManager ejbName: SecureDeploymentManager
2021-12-20 14:40:02,163 INFO  [org.jboss.ejb3.proxy.impl.jndiregistrar.JndiSessionRegistrarBase] (main) Binding the following Entries in Global JNDI:

	SecureDeploymentManager/remote - EJB3.x Default Remote Business Interface
	SecureDeploymentManager/remote-org.jboss.deployers.spi.management.deploy.DeploymentManager - EJB3.x Remote Business Interface

2021-12-20 14:40:02,200 INFO  [org.jboss.ejb3.session.SessionSpecContainer] (main) Starting jboss.j2ee:jar=profileservice-secured.jar,name=SecureManagementView,service=EJB3
2021-12-20 14:40:02,201 INFO  [org.jboss.ejb3.EJBContainer] (main) STARTED EJB: org.jboss.profileservice.ejb.SecureManagementView ejbName: SecureManagementView
2021-12-20 14:40:02,209 INFO  [org.jboss.ejb3.proxy.impl.jndiregistrar.JndiSessionRegistrarBase] (main) Binding the following Entries in Global JNDI:

	SecureManagementView/remote - EJB3.x Default Remote Business Interface
	SecureManagementView/remote-org.jboss.deployers.spi.management.ManagementView - EJB3.x Remote Business Interface

2021-12-20 14:40:02,231 INFO  [org.jboss.ejb3.session.SessionSpecContainer] (main) Starting jboss.j2ee:jar=profileservice-secured.jar,name=SecureProfileService,service=EJB3
2021-12-20 14:40:02,232 INFO  [org.jboss.ejb3.EJBContainer] (main) STARTED EJB: org.jboss.profileservice.ejb.SecureProfileServiceBean ejbName: SecureProfileService
2021-12-20 14:40:02,239 INFO  [org.jboss.ejb3.proxy.impl.jndiregistrar.JndiSessionRegistrarBase] (main) Binding the following Entries in Global JNDI:

	SecureProfileService/remote - EJB3.x Default Remote Business Interface
	SecureProfileService/remote-org.jboss.profileservice.spi.ProfileService - EJB3.x Remote Business Interface

2021-12-20 14:40:02,299 INFO  [org.jboss.web.tomcat.service.deployers.TomcatDeployment] (main) deploy, ctxPath=/admin-console
2021-12-20 14:40:02,335 INFO  [javax.enterprise.resource.webcontainer.jsf.config] (main) Initializing Mojarra (1.2_12-b01-FCS) for context '/admin-console'
2021-12-20 14:40:03,216 INFO  [org.jboss.web.tomcat.service.deployers.TomcatDeployment] (main) deploy, ctxPath=/
2021-12-20 14:40:03,246 INFO  [org.jboss.web.tomcat.service.deployers.TomcatDeployment] (main) deploy, ctxPath=/jmx-console
2021-12-20 14:40:03,378 INFO  [org.apache.coyote.http11.Http11Protocol] (main) Starting Coyote HTTP/1.1 on http-localhost%2F127.0.0.1-8080
2021-12-20 14:40:03,406 INFO  [org.apache.coyote.ajp.AjpProtocol] (main) Starting Coyote AJP/1.3 on ajp-localhost%2F127.0.0.1-8009
2021-12-20 14:40:03,416 INFO  [org.jboss.bootstrap.microcontainer.ServerImpl] (main) JBoss (Microcontainer) [5.1.0.GA (build: SVNTag=JBoss_5_1_0_GA date=200905221053)] Started in 32s:119ms
2021-12-20 14:40:25,780 INFO  [javax.servlet.ServletContextListener] (http-localhost%2F127.0.0.1-8080-2) Welcome to Seam 2.1.0.SP1
2021-12-20 14:40:27,231 WARN  [org.jboss.seam.Component] (http-localhost%2F127.0.0.1-8080-2) Component class should be serializable: org.jboss.seam.ui.facelet.mockHttpSession
2021-12-20 14:40:27,267 WARN  [org.jboss.seam.security.permission.PersistentPermissionResolver] (http-localhost%2F127.0.0.1-8080-2) no permission store available - please install a PermissionStore with the name 'org.jboss.seam.security.jpaPermissionStore' if persistent permissions are required.
2021-12-20 14:40:36,469 ERROR [org.apache.jasper.compiler.Compiler] (http-localhost%2F127.0.0.1-8080-1) Compilation error
org.eclipse.jdt.internal.compiler.classfmt.ClassFormatException
	at org.eclipse.jdt.internal.compiler.classfmt.ClassFileReader.<init>(ClassFileReader.java:369)
	at org.apache.jasper.compiler.JDTCompiler$1.findType(JDTCompiler.java:206)
	at org.apache.jasper.compiler.JDTCompiler$1.findType(JDTCompiler.java:163)
	at org.eclipse.jdt.internal.compiler.lookup.LookupEnvironment.askForType(LookupEnvironment.java:97)
	at org.eclipse.jdt.internal.compiler.lookup.UnresolvedReferenceBinding.resolve(UnresolvedReferenceBinding.java:49)
	at org.eclipse.jdt.internal.compiler.lookup.BinaryTypeBinding.resolveType(BinaryTypeBinding.java:101)
	at org.eclipse.jdt.internal.compiler.lookup.PackageBinding.getTypeOrPackage(PackageBinding.java:169)
	at org.eclipse.jdt.internal.compiler.lookup.Scope.getType(Scope.java:2241)
	at org.eclipse.jdt.internal.compiler.ast.TypeDeclaration.resolve(TypeDeclaration.java:974)
	at org.eclipse.jdt.internal.compiler.ast.TypeDeclaration.resolve(TypeDeclaration.java:1184)
	at org.eclipse.jdt.internal.compiler.ast.CompilationUnitDeclaration.resolve(CompilationUnitDeclaration.java:535)
	at org.eclipse.jdt.internal.compiler.Compiler.process(Compiler.java:743)
	at org.eclipse.jdt.internal.compiler.Compiler.compile(Compiler.java:444)
	at org.apache.jasper.compiler.JDTCompiler.generateClass(JDTCompiler.java:429)
	at org.apache.jasper.compiler.Compiler.compile(Compiler.java:335)
	at org.apache.jasper.compiler.Compiler.compile(Compiler.java:313)
	at org.apache.jasper.compiler.Compiler.compile(Compiler.java:300)
	at org.apache.jasper.JspCompilationContext.compile(JspCompilationContext.java:585)
	at org.apache.jasper.servlet.JspServletWrapper.service(JspServletWrapper.java:312)
	at org.apache.jasper.servlet.JspServlet.serviceJspFile(JspServlet.java:322)
	at org.apache.jasper.servlet.JspServlet.service(JspServlet.java:249)
	at javax.servlet.http.HttpServlet.service(HttpServlet.java:717)
	at org.apache.catalina.core.ApplicationFilterChain.internalDoFilter(ApplicationFilterChain.java:290)
	at org.apache.catalina.core.ApplicationFilterChain.doFilter(ApplicationFilterChain.java:206)
	at org.jboss.web.tomcat.filters.ReplyHeaderFilter.doFilter(ReplyHeaderFilter.java:96)
	at org.apache.catalina.core.ApplicationFilterChain.internalDoFilter(ApplicationFilterChain.java:235)
	at org.apache.catalina.core.ApplicationFilterChain.doFilter(ApplicationFilterChain.java:206)
	at org.apache.catalina.core.StandardWrapperValve.invoke(StandardWrapperValve.java:235)
	at org.apache.catalina.core.StandardContextValve.invoke(StandardContextValve.java:191)
	at org.jboss.web.tomcat.security.SecurityAssociationValve.invoke(SecurityAssociationValve.java:190)
	at org.jboss.web.tomcat.security.JaccContextValve.invoke(JaccContextValve.java:92)
	at org.jboss.web.tomcat.security.SecurityContextEstablishmentValve.process(SecurityContextEstablishmentValve.java:126)
	at org.jboss.web.tomcat.security.SecurityContextEstablishmentValve.invoke(SecurityContextEstablishmentValve.java:70)
	at org.apache.catalina.core.StandardHostValve.invoke(StandardHostValve.java:127)
	at org.apache.catalina.valves.ErrorReportValve.invoke(ErrorReportValve.java:102)
	at org.jboss.web.tomcat.service.jca.CachedConnectionValve.invoke(CachedConnectionValve.java:158)
	at org.apache.catalina.core.StandardEngineValve.invoke(StandardEngineValve.java:109)
	at org.apache.catalina.connector.CoyoteAdapter.service(CoyoteAdapter.java:330)
	at org.apache.coyote.http11.Http11Processor.process(Http11Processor.java:829)
	at org.apache.coyote.http11.Http11Protocol$Http11ConnectionHandler.process(Http11Protocol.java:598)
	at org.apache.tomcat.util.net.JIoEndpoint$Worker.run(JIoEndpoint.java:447)
	at java.lang.Thread.run(Thread.java:748)
2021-12-20 14:40:36,469 ERROR [org.apache.jasper.compiler.Compiler] (http-localhost%2F127.0.0.1-8080-2) Compilation error
org.eclipse.jdt.internal.compiler.classfmt.ClassFormatException
	at org.eclipse.jdt.internal.compiler.classfmt.ClassFileReader.<init>(ClassFileReader.java:369)
	at org.apache.jasper.compiler.JDTCompiler$1.findType(JDTCompiler.java:206)
	at org.apache.jasper.compiler.JDTCompiler$1.findType(JDTCompiler.java:163)
	at org.eclipse.jdt.internal.compiler.lookup.LookupEnvironment.askForType(LookupEnvironment.java:97)
	at org.eclipse.jdt.internal.compiler.lookup.UnresolvedReferenceBinding.resolve(UnresolvedReferenceBinding.java:49)
	at org.eclipse.jdt.internal.compiler.lookup.BinaryTypeBinding.resolveType(BinaryTypeBinding.java:101)
	at org.eclipse.jdt.internal.compiler.lookup.PackageBinding.getTypeOrPackage(PackageBinding.java:169)
	at org.eclipse.jdt.internal.compiler.lookup.Scope.getType(Scope.java:2241)
	at org.eclipse.jdt.internal.compiler.ast.TypeDeclaration.resolve(TypeDeclaration.java:974)
	at org.eclipse.jdt.internal.compiler.ast.TypeDeclaration.resolve(TypeDeclaration.java:1184)
	at org.eclipse.jdt.internal.compiler.ast.CompilationUnitDeclaration.resolve(CompilationUnitDeclaration.java:535)
	at org.eclipse.jdt.internal.compiler.Compiler.process(Compiler.java:743)
	at org.eclipse.jdt.internal.compiler.Compiler.compile(Compiler.java:444)
	at org.apache.jasper.compiler.JDTCompiler.generateClass(JDTCompiler.java:429)
	at org.apache.jasper.compiler.Compiler.compile(Compiler.java:335)
	at org.apache.jasper.compiler.Compiler.compile(Compiler.java:313)
	at org.apache.jasper.compiler.Compiler.compile(Compiler.java:300)
	at org.apache.jasper.JspCompilationContext.compile(JspCompilationContext.java:585)
	at org.apache.jasper.servlet.JspServletWrapper.service(JspServletWrapper.java:312)
	at org.apache.jasper.servlet.JspServlet.serviceJspFile(JspServlet.java:322)
	at org.apache.jasper.servlet.JspServlet.service(JspServlet.java:249)
	at javax.servlet.http.HttpServlet.service(HttpServlet.java:717)
	at org.apache.catalina.core.ApplicationFilterChain.internalDoFilter(ApplicationFilterChain.java:290)
	at org.apache.catalina.core.ApplicationFilterChain.doFilter(ApplicationFilterChain.java:206)
	at org.jboss.web.tomcat.filters.ReplyHeaderFilter.doFilter(ReplyHeaderFilter.java:96)
	at org.apache.catalina.core.ApplicationFilterChain.internalDoFilter(ApplicationFilterChain.java:235)
	at org.apache.catalina.core.ApplicationFilterChain.doFilter(ApplicationFilterChain.java:206)
	at org.apache.catalina.core.StandardWrapperValve.invoke(StandardWrapperValve.java:235)
	at org.apache.catalina.core.StandardContextValve.invoke(StandardContextValve.java:191)
	at org.jboss.web.tomcat.security.SecurityAssociationValve.invoke(SecurityAssociationValve.java:190)
	at org.jboss.web.tomcat.security.JaccContextValve.invoke(JaccContextValve.java:92)
	at org.jboss.web.tomcat.security.SecurityContextEstablishmentValve.process(SecurityContextEstablishmentValve.java:126)
	at org.jboss.web.tomcat.security.SecurityContextEstablishmentValve.invoke(SecurityContextEstablishmentValve.java:70)
	at org.apache.catalina.core.StandardHostValve.invoke(StandardHostValve.java:127)
	at org.apache.catalina.valves.ErrorReportValve.invoke(ErrorReportValve.java:102)
	at org.jboss.web.tomcat.service.jca.CachedConnectionValve.invoke(CachedConnectionValve.java:158)
	at org.apache.catalina.core.StandardEngineValve.invoke(StandardEngineValve.java:109)
	at org.apache.catalina.connector.CoyoteAdapter.service(CoyoteAdapter.java:330)
	at org.apache.coyote.http11.Http11Processor.process(Http11Processor.java:829)
	at org.apache.coyote.http11.Http11Protocol$Http11ConnectionHandler.process(Http11Protocol.java:598)
	at org.apache.tomcat.util.net.JIoEndpoint$Worker.run(JIoEndpoint.java:447)
	at java.lang.Thread.run(Thread.java:748)
2021-12-20 14:40:36,542 ERROR [org.apache.catalina.core.ContainerBase.[jboss.web].[localhost].[/web-console].[jsp]] (http-localhost%2F127.0.0.1-8080-2) Servlet.service() for servlet jsp threw exception
org.apache.jasper.JasperException: Unable to compile class for JSP: 

An error occurred at line: 1 in the generated java file
The type java.io.ObjectInputStream cannot be resolved. It is indirectly referenced from required .class files

Stacktrace:
	at org.apache.jasper.compiler.DefaultErrorHandler.javacError(DefaultErrorHandler.java:92)
	at org.apache.jasper.compiler.ErrorDispatcher.javacError(ErrorDispatcher.java:330)
	at org.apache.jasper.compiler.JDTCompiler.generateClass(JDTCompiler.java:439)
	at org.apache.jasper.compiler.Compiler.compile(Compiler.java:335)
	at org.apache.jasper.compiler.Compiler.compile(Compiler.java:313)
	at org.apache.jasper.compiler.Compiler.compile(Compiler.java:300)
	at org.apache.jasper.JspCompilationContext.compile(JspCompilationContext.java:585)
	at org.apache.jasper.servlet.JspServletWrapper.service(JspServletWrapper.java:312)
	at org.apache.jasper.servlet.JspServlet.serviceJspFile(JspServlet.java:322)
	at org.apache.jasper.servlet.JspServlet.service(JspServlet.java:249)
	at javax.servlet.http.HttpServlet.service(HttpServlet.java:717)
	at org.apache.catalina.core.ApplicationFilterChain.internalDoFilter(ApplicationFilterChain.java:290)
	at org.apache.catalina.core.ApplicationFilterChain.doFilter(ApplicationFilterChain.java:206)
	at org.jboss.web.tomcat.filters.ReplyHeaderFilter.doFilter(ReplyHeaderFilter.java:96)
	at org.apache.catalina.core.ApplicationFilterChain.internalDoFilter(ApplicationFilterChain.java:235)
	at org.apache.catalina.core.ApplicationFilterChain.doFilter(ApplicationFilterChain.java:206)
	at org.apache.catalina.core.StandardWrapperValve.invoke(StandardWrapperValve.java:235)
	at org.apache.catalina.core.StandardContextValve.invoke(StandardContextValve.java:191)
	at org.jboss.web.tomcat.security.SecurityAssociationValve.invoke(SecurityAssociationValve.java:190)
	at org.jboss.web.tomcat.security.JaccContextValve.invoke(JaccContextValve.java:92)
	at org.jboss.web.tomcat.security.SecurityContextEstablishmentValve.process(SecurityContextEstablishmentValve.java:126)
	at org.jboss.web.tomcat.security.SecurityContextEstablishmentValve.invoke(SecurityContextEstablishmentValve.java:70)
	at org.apache.catalina.core.StandardHostValve.invoke(StandardHostValve.java:127)
	at org.apache.catalina.valves.ErrorReportValve.invoke(ErrorReportValve.java:102)
	at org.jboss.web.tomcat.service.jca.CachedConnectionValve.invoke(CachedConnectionValve.java:158)
	at org.apache.catalina.core.StandardEngineValve.invoke(StandardEngineValve.java:109)
	at org.apache.catalina.connector.CoyoteAdapter.service(CoyoteAdapter.java:330)
	at org.apache.coyote.http11.Http11Processor.process(Http11Processor.java:829)
	at org.apache.coyote.http11.Http11Protocol$Http11ConnectionHandler.process(Http11Protocol.java:598)
	at org.apache.tomcat.util.net.JIoEndpoint$Worker.run(JIoEndpoint.java:447)
	at java.lang.Thread.run(Thread.java:748)
2021-12-20 14:40:36,542 ERROR [org.apache.catalina.core.ContainerBase.[jboss.web].[localhost].[/web-console].[jsp]] (http-localhost%2F127.0.0.1-8080-1) Servlet.service() for servlet jsp threw exception
org.apache.jasper.JasperException: Unable to compile class for JSP: 

An error occurred at line: 1 in the generated java file
The type java.io.ObjectInputStream cannot be resolved. It is indirectly referenced from required .class files

Stacktrace:
	at org.apache.jasper.compiler.DefaultErrorHandler.javacError(DefaultErrorHandler.java:92)
	at org.apache.jasper.compiler.ErrorDispatcher.javacError(ErrorDispatcher.java:330)
	at org.apache.jasper.compiler.JDTCompiler.generateClass(JDTCompiler.java:439)
	at org.apache.jasper.compiler.Compiler.compile(Compiler.java:335)
	at org.apache.jasper.compiler.Compiler.compile(Compiler.java:313)
	at org.apache.jasper.compiler.Compiler.compile(Compiler.java:300)
	at org.apache.jasper.JspCompilationContext.compile(JspCompilationContext.java:585)
	at org.apache.jasper.servlet.JspServletWrapper.service(JspServletWrapper.java:312)
	at org.apache.jasper.servlet.JspServlet.serviceJspFile(JspServlet.java:322)
	at org.apache.jasper.servlet.JspServlet.service(JspServlet.java:249)
	at javax.servlet.http.HttpServlet.service(HttpServlet.java:717)
	at org.apache.catalina.core.ApplicationFilterChain.internalDoFilter(ApplicationFilterChain.java:290)
	at org.apache.catalina.core.ApplicationFilterChain.doFilter(ApplicationFilterChain.java:206)
	at org.jboss.web.tomcat.filters.ReplyHeaderFilter.doFilter(ReplyHeaderFilter.java:96)
	at org.apache.catalina.core.ApplicationFilterChain.internalDoFilter(ApplicationFilterChain.java:235)
	at org.apache.catalina.core.ApplicationFilterChain.doFilter(ApplicationFilterChain.java:206)
	at org.apache.catalina.core.StandardWrapperValve.invoke(StandardWrapperValve.java:235)
	at org.apache.catalina.core.StandardContextValve.invoke(StandardContextValve.java:191)
	at org.jboss.web.tomcat.security.SecurityAssociationValve.invoke(SecurityAssociationValve.java:190)
	at org.jboss.web.tomcat.security.JaccContextValve.invoke(JaccContextValve.java:92)
	at org.jboss.web.tomcat.security.SecurityContextEstablishmentValve.process(SecurityContextEstablishmentValve.java:126)
	at org.jboss.web.tomcat.security.SecurityContextEstablishmentValve.invoke(SecurityContextEstablishmentValve.java:70)
	at org.apache.catalina.core.StandardHostValve.invoke(StandardHostValve.java:127)
	at org.apache.catalina.valves.ErrorReportValve.invoke(ErrorReportValve.java:102)
	at org.jboss.web.tomcat.service.jca.CachedConnectionValve.invoke(CachedConnectionValve.java:158)
	at org.apache.catalina.core.StandardEngineValve.invoke(StandardEngineValve.java:109)
	at org.apache.catalina.connector.CoyoteAdapter.service(CoyoteAdapter.java:330)
	at org.apache.coyote.http11.Http11Processor.process(Http11Processor.java:829)
	at org.apache.coyote.http11.Http11Protocol$Http11ConnectionHandler.process(Http11Protocol.java:598)
	at org.apache.tomcat.util.net.JIoEndpoint$Worker.run(JIoEndpoint.java:447)
	at java.lang.Thread.run(Thread.java:748)
